09:53:40 **** Build of configuration Debug for project Lab2(2.123) ****
make -j16 all 
arm-none-eabi-gcc "../Src/main.c" -mcpu=cortex-m4 -std=gnu11 -g3 -DDEBUG -DNUCLEO_F401RE -DSTM32 -DSTM32F401RETx -DSTM32F4 -c -I"D:/DH/Lumi/SDK_1.0.3_NUCLEO-F401RE/SDK_1.0.3_NUCLEO-F401RE ( C include)/SDK_1.0.3_NUCLEO-F401RE/shared/Drivers/CMSIS/Include" -I"D:/DH/Lumi/SDK_1.0.3_NUCLEO-F401RE/SDK_1.0.3_NUCLEO-F401RE ( C include)/SDK_1.0.3_NUCLEO-F401RE/shared/Drivers/STM32F401RE_StdPeriph_Driver/inc" -I"D:/DH/Lumi/SDK_1.0.3_NUCLEO-F401RE/SDK_1.0.3_NUCLEO-F401RE ( C include)/SDK_1.0.3_NUCLEO-F401RE/shared/Middle/button" -I"D:/DH/Lumi/SDK_1.0.3_NUCLEO-F401RE/SDK_1.0.3_NUCLEO-F401RE ( C include)/SDK_1.0.3_NUCLEO-F401RE/shared/Middle/buzzer" -I"D:/DH/Lumi/SDK_1.0.3_NUCLEO-F401RE/SDK_1.0.3_NUCLEO-F401RE ( C include)/SDK_1.0.3_NUCLEO-F401RE/shared/Middle/led" -I"D:/DH/Lumi/SDK_1.0.3_NUCLEO-F401RE/SDK_1.0.3_NUCLEO-F401RE ( C include)/SDK_1.0.3_NUCLEO-F401RE/shared/Middle/rtos" -I"D:/DH/Lumi/SDK_1.0.3_NUCLEO-F401RE/SDK_1.0.3_NUCLEO-F401RE ( C include)/SDK_1.0.3_NUCLEO-F401RE/shared/Middle/sensor" -I"D:/DH/Lumi/SDK_1.0.3_NUCLEO-F401RE/SDK_1.0.3_NUCLEO-F401RE ( C include)/SDK_1.0.3_NUCLEO-F401RE/shared/Middle/serial" -I"D:/DH/Lumi/SDK_1.0.3_NUCLEO-F401RE/SDK_1.0.3_NUCLEO-F401RE ( C include)/SDK_1.0.3_NUCLEO-F401RE/shared/Middle/ucglib" -I"D:/DH/Lumi/SDK_1.0.3_NUCLEO-F401RE/SDK_1.0.3_NUCLEO-F401RE ( C include)/SDK_1.0.3_NUCLEO-F401RE/shared/Utilities" -I../Inc -O0 -ffunction-sections -fdata-sections -Wall -fstack-usage -fcyclomatic-complexity -MMD -MP -MF"Src/main.d" -MT"Src/main.o" --specs=nano.specs -mfpu=fpv4-sp-d16 -mfloat-abi=hard -mthumb -o "Src/main.o"
arm-none-eabi-gcc -o "Lab2(2.123).elf" @"objects.list"  -lLibraries -mcpu=cortex-m4 -T"D:\DH\Lumi\Lab\Lab1.1x\STM32F401RETX_FLASH.ld" --specs=nosys.specs -Wl,-Map="Lab2(2.123).map" -Wl,--gc-sections -static -L"D:\DH\Lumi\SDK_1.0.3_NUCLEO-F401RE\SDK_1.0.3_NUCLEO-F401RE ( C include)\SDK_1.0.3_NUCLEO-F401RE\lib_stm" --specs=nano.specs -mfpu=fpv4-sp-d16 -mfloat-abi=hard -mthumb -Wl,--start-group -lc -lm -Wl,--end-group
Finished building target: Lab2(2.123).elf
 
arm-none-eabi-size   Lab2(2.123).elf 
arm-none-eabi-objdump -h -S  Lab2(2.123).elf  > "Lab2(2.123).list"
d:/dh/stm32/stm32cubeide_1.13.2/stm32cubeide/plugins/com.st.stm32cube.ide.mcu.externaltools.make.win32_2.1.0.202305091550/tools/bin/sh: syntax error: unexpected "("
make: *** [makefile:78: default.size.stdout] Error 2
make: *** Waiting for unfinished jobs....
d:/dh/stm32/stm32cubeide_1.13.2/stm32cubeide/plugins/com.st.stm32cube.ide.mcu.externaltools.make.win32_2.1.0.202305091550/tools/bin/sh: syntax error: unexpected "("
make: *** [makefile:83: Lab2(2.123).list] Error 2
"make -j16 all" terminated with exit code 2. Build might be incomplete.

09:53:40 Build Failed. 3 errors, 0 warnings. (took 747ms)

